C:\USERS\舒琨博\DOCUMENTS\VISUAL STUDIO 2010\PROJECTS\数据结构-折半搜索\DEBUG\数据结构-折半搜索.EXE
C:\USERS\舒琨博\DOCUMENTS\VISUAL STUDIO 2010\PROJECTS\数据结构-折半搜索\DEBUG\数据结构-折半搜索.ILK
C:\USERS\舒琨博\DOCUMENTS\VISUAL STUDIO 2010\PROJECTS\数据结构-折半搜索\DEBUG\数据结构-折半搜索.PDB
C:\Users\舒琨博\documents\visual studio 2010\Projects\数据结构-折半搜索\数据结构-折半搜索\Debug\cl.command.1.tlog
C:\Users\舒琨博\documents\visual studio 2010\Projects\数据结构-折半搜索\数据结构-折半搜索\Debug\CL.read.1.tlog
C:\Users\舒琨博\documents\visual studio 2010\Projects\数据结构-折半搜索\数据结构-折半搜索\Debug\CL.write.1.tlog
C:\Users\舒琨博\documents\visual studio 2010\Projects\数据结构-折半搜索\数据结构-折半搜索\Debug\link.10112.read.1.tlog
C:\Users\舒琨博\documents\visual studio 2010\Projects\数据结构-折半搜索\数据结构-折半搜索\Debug\link.10112.write.1.tlog
C:\Users\舒琨博\documents\visual studio 2010\Projects\数据结构-折半搜索\数据结构-折半搜索\Debug\link.10112-cvtres.read.1.tlog
C:\Users\舒琨博\documents\visual studio 2010\Projects\数据结构-折半搜索\数据结构-折半搜索\Debug\link.10112-cvtres.write.1.tlog
C:\Users\舒琨博\documents\visual studio 2010\Projects\数据结构-折半搜索\数据结构-折半搜索\Debug\link.command.1.tlog
C:\Users\舒琨博\documents\visual studio 2010\Projects\数据结构-折半搜索\数据结构-折半搜索\Debug\link.read.1.tlog
C:\Users\舒琨博\documents\visual studio 2010\Projects\数据结构-折半搜索\数据结构-折半搜索\Debug\link.write.1.tlog
C:\Users\舒琨博\documents\visual studio 2010\Projects\数据结构-折半搜索\数据结构-折半搜索\Debug\link-cvtres.read.1.tlog
C:\Users\舒琨博\documents\visual studio 2010\Projects\数据结构-折半搜索\数据结构-折半搜索\Debug\link-cvtres.write.1.tlog
C:\Users\舒琨博\documents\visual studio 2010\Projects\数据结构-折半搜索\数据结构-折半搜索\Debug\mt.command.1.tlog
C:\Users\舒琨博\documents\visual studio 2010\Projects\数据结构-折半搜索\数据结构-折半搜索\Debug\mt.read.1.tlog
C:\Users\舒琨博\documents\visual studio 2010\Projects\数据结构-折半搜索\数据结构-折半搜索\Debug\mt.write.1.tlog
C:\Users\舒琨博\documents\visual studio 2010\Projects\数据结构-折半搜索\数据结构-折半搜索\Debug\rc.command.1.tlog
C:\Users\舒琨博\documents\visual studio 2010\Projects\数据结构-折半搜索\数据结构-折半搜索\Debug\rc.read.1.tlog
C:\Users\舒琨博\documents\visual studio 2010\Projects\数据结构-折半搜索\数据结构-折半搜索\Debug\rc.write.1.tlog
C:\USERS\舒琨博\DOCUMENTS\VISUAL STUDIO 2010\PROJECTS\数据结构-折半搜索\数据结构-折半搜索\DEBUG\STDAFX.OBJ
C:\Users\舒琨博\documents\visual studio 2010\Projects\数据结构-折半搜索\数据结构-折半搜索\Debug\vc100.idb
C:\USERS\舒琨博\DOCUMENTS\VISUAL STUDIO 2010\PROJECTS\数据结构-折半搜索\数据结构-折半搜索\DEBUG\VC100.PDB
C:\USERS\舒琨博\DOCUMENTS\VISUAL STUDIO 2010\PROJECTS\数据结构-折半搜索\数据结构-折半搜索\DEBUG\数据结构-折半搜索.EXE.EMBED.MANIFEST
C:\USERS\舒琨博\DOCUMENTS\VISUAL STUDIO 2010\PROJECTS\数据结构-折半搜索\数据结构-折半搜索\DEBUG\数据结构-折半搜索.EXE.EMBED.MANIFEST.RES
C:\USERS\舒琨博\DOCUMENTS\VISUAL STUDIO 2010\PROJECTS\数据结构-折半搜索\数据结构-折半搜索\DEBUG\数据结构-折半搜索.EXE.INTERMEDIATE.MANIFEST
C:\USERS\舒琨博\DOCUMENTS\VISUAL STUDIO 2010\PROJECTS\数据结构-折半搜索\数据结构-折半搜索\DEBUG\数据结构-折半搜索.OBJ
C:\USERS\舒琨博\DOCUMENTS\VISUAL STUDIO 2010\PROJECTS\数据结构-折半搜索\数据结构-折半搜索\DEBUG\数据结构-折半搜索.PCH
C:\Users\舒琨博\documents\visual studio 2010\Projects\数据结构-折半搜索\数据结构-折半搜索\Debug\数据结构-折半搜索.vcxprojResolveAssemblyReference.cache
C:\Users\舒琨博\documents\visual studio 2010\Projects\数据结构-折半搜索\数据结构-折半搜索\Debug\数据结构-折半搜索.write.1.tlog
C:\Users\舒琨博\documents\visual studio 2010\Projects\数据结构-折半搜索\数据结构-折半搜索\Debug\数据结构-折半搜索_manifest.rc
C:\USERS\舒琨博\DOCUMENTS\VISUAL STUDIO 2010\PROJECTS\数据结构-折半搜索\数据结构-折半搜索\DEBUG\折半搜索.OBJ
