c:\users\舒琨博\documents\visual studio 2010\Projects\数据结构-图（邻接矩阵表示）\Debug\数据结构-图（邻接矩阵表示）.pdb
c:\Users\舒琨博\documents\visual studio 2010\Projects\数据结构-图（邻接矩阵表示）\数据结构-图（邻接矩阵表示）\Debug\cl.command.1.tlog
c:\Users\舒琨博\documents\visual studio 2010\Projects\数据结构-图（邻接矩阵表示）\数据结构-图（邻接矩阵表示）\Debug\CL.read.1.tlog
c:\Users\舒琨博\documents\visual studio 2010\Projects\数据结构-图（邻接矩阵表示）\数据结构-图（邻接矩阵表示）\Debug\CL.write.1.tlog
c:\Users\舒琨博\documents\visual studio 2010\Projects\数据结构-图（邻接矩阵表示）\数据结构-图（邻接矩阵表示）\Debug\link.command.1.tlog
c:\Users\舒琨博\documents\visual studio 2010\Projects\数据结构-图（邻接矩阵表示）\数据结构-图（邻接矩阵表示）\Debug\link.read.1.tlog
c:\Users\舒琨博\documents\visual studio 2010\Projects\数据结构-图（邻接矩阵表示）\数据结构-图（邻接矩阵表示）\Debug\link.write.1.tlog
c:\Users\舒琨博\documents\visual studio 2010\Projects\数据结构-图（邻接矩阵表示）\数据结构-图（邻接矩阵表示）\Debug\link-cvtres.read.1.tlog
c:\Users\舒琨博\documents\visual studio 2010\Projects\数据结构-图（邻接矩阵表示）\数据结构-图（邻接矩阵表示）\Debug\link-cvtres.write.1.tlog
c:\Users\舒琨博\documents\visual studio 2010\Projects\数据结构-图（邻接矩阵表示）\数据结构-图（邻接矩阵表示）\Debug\rc.command.1.tlog
c:\Users\舒琨博\documents\visual studio 2010\Projects\数据结构-图（邻接矩阵表示）\数据结构-图（邻接矩阵表示）\Debug\rc.read.1.tlog
c:\Users\舒琨博\documents\visual studio 2010\Projects\数据结构-图（邻接矩阵表示）\数据结构-图（邻接矩阵表示）\Debug\rc.write.1.tlog
C:\USERS\舒琨博\DOCUMENTS\VISUAL STUDIO 2010\PROJECTS\数据结构-图（邻接矩阵表示）\数据结构-图（邻接矩阵表示）\DEBUG\STDAFX.OBJ
c:\Users\舒琨博\documents\visual studio 2010\Projects\数据结构-图（邻接矩阵表示）\数据结构-图（邻接矩阵表示）\Debug\vc100.idb
C:\USERS\舒琨博\DOCUMENTS\VISUAL STUDIO 2010\PROJECTS\数据结构-图（邻接矩阵表示）\数据结构-图（邻接矩阵表示）\DEBUG\VC100.PDB
c:\Users\舒琨博\documents\visual studio 2010\Projects\数据结构-图（邻接矩阵表示）\数据结构-图（邻接矩阵表示）\Debug\数据结构-图（邻接矩阵表示）.exe.embed.manifest
C:\USERS\舒琨博\DOCUMENTS\VISUAL STUDIO 2010\PROJECTS\数据结构-图（邻接矩阵表示）\数据结构-图（邻接矩阵表示）\DEBUG\数据结构-图（邻接矩阵表示）.EXE.EMBED.MANIFEST.RES
c:\Users\舒琨博\documents\visual studio 2010\Projects\数据结构-图（邻接矩阵表示）\数据结构-图（邻接矩阵表示）\Debug\数据结构-图（邻接矩阵表示）.exe.intermediate.manifest
C:\USERS\舒琨博\DOCUMENTS\VISUAL STUDIO 2010\PROJECTS\数据结构-图（邻接矩阵表示）\数据结构-图（邻接矩阵表示）\DEBUG\数据结构-图（邻接矩阵表示）.OBJ
C:\USERS\舒琨博\DOCUMENTS\VISUAL STUDIO 2010\PROJECTS\数据结构-图（邻接矩阵表示）\数据结构-图（邻接矩阵表示）\DEBUG\数据结构-图（邻接矩阵表示）.PCH
c:\Users\舒琨博\documents\visual studio 2010\Projects\数据结构-图（邻接矩阵表示）\数据结构-图（邻接矩阵表示）\Debug\数据结构-图（邻接矩阵表示）.write.1.tlog
c:\Users\舒琨博\documents\visual studio 2010\Projects\数据结构-图（邻接矩阵表示）\数据结构-图（邻接矩阵表示）\Debug\数据结构-图（邻接矩阵表示）_manifest.rc
C:\USERS\舒琨博\DOCUMENTS\VISUAL STUDIO 2010\PROJECTS\数据结构-图（邻接矩阵表示）\数据结构-图（邻接矩阵表示）\DEBUG\图（邻接矩阵表示）.OBJ
