生成启动时间为 2017/2/1 11:42:09。
     1>项目“c:\Users\舒琨博\documents\visual studio 2010\Projects\数据结构-中缀转后缀\数据结构-中缀转后缀\数据结构-中缀转后缀.vcxproj”在节点 2 上(build 个目标)。
     1>InitializeBuildStatus:
         正在创建“Debug\数据结构-中缀转后缀.unsuccessfulbuild”，因为已指定“AlwaysCreate”。
       ClCompile:
         所有输出均为最新。
         c:\Program Files (x86)\Microsoft Visual Studio 10.0\VC\bin\CL.exe /c /ZI /nologo /W3 /WX- /Od /Oy- /D WIN32 /D _DEBUG /D _CONSOLE /D _UNICODE /D UNICODE /Gm /EHsc /RTC1 /MDd /GS /fp:precise /Zc:wchar_t /Zc:forScope /Yu"StdAfx.h" /Fp"Debug\数据结构-中缀转后缀.pch" /Fo"Debug\\" /Fd"Debug\vc100.pdb" /Gd /TP /analyze- /errorReport:prompt "中缀转后缀.cpp"
         中缀转后缀.cpp
     1>c:\users\舒琨博\documents\visual studio 2010\projects\数据结构-中缀转后缀\数据结构-中缀转后缀\中缀转后缀.cpp(44): warning C4715: “isp”: 不是所有的控件路径都返回值
     1>c:\users\舒琨博\documents\visual studio 2010\projects\数据结构-中缀转后缀\数据结构-中缀转后缀\中缀转后缀.cpp(56): warning C4715: “icp”: 不是所有的控件路径都返回值
       ManifestResourceCompile:
         所有输出均为最新。
       Link:
         c:\Program Files (x86)\Microsoft Visual Studio 10.0\VC\bin\link.exe /ERRORREPORT:PROMPT /OUT:"c:\users\舒琨博\documents\visual studio 2010\Projects\数据结构-中缀转后缀\Debug\数据结构-中缀转后缀.exe" /INCREMENTAL /NOLOGO kernel32.lib user32.lib gdi32.lib winspool.lib comdlg32.lib advapi32.lib shell32.lib ole32.lib oleaut32.lib uuid.lib odbc32.lib odbccp32.lib /MANIFEST /ManifestFile:"Debug\数据结构-中缀转后缀.exe.intermediate.manifest" /MANIFESTUAC:"level='asInvoker' uiAccess='false'" /DEBUG /PDB:"c:\users\舒琨博\documents\visual studio 2010\Projects\数据结构-中缀转后缀\Debug\数据结构-中缀转后缀.pdb" /SUBSYSTEM:CONSOLE /TLBID:1 /DYNAMICBASE /NXCOMPAT /IMPLIB:"c:\users\舒琨博\documents\visual studio 2010\Projects\数据结构-中缀转后缀\Debug\数据结构-中缀转后缀.lib" /MACHINE:X86 "Debug\数据结构-中缀转后缀.exe.embed.manifest.res"
         Debug\stdafx.obj
         "Debug\中缀转后缀.obj"
         "Debug\数据结构-中缀转后缀.obj"
       Manifest:
         c:\Program Files (x86)\Microsoft SDKs\Windows\v7.0A\bin\mt.exe /nologo /verbose /out:"Debug\数据结构-中缀转后缀.exe.embed.manifest" /manifest "Debug\数据结构-中缀转后缀.exe.intermediate.manifest"
         所有输出均为最新。
       LinkEmbedManifest:
         所有输出均为最新。
         数据结构-中缀转后缀.vcxproj -> c:\users\舒琨博\documents\visual studio 2010\Projects\数据结构-中缀转后缀\Debug\数据结构-中缀转后缀.exe
       FinalizeBuildStatus:
         正在删除文件“Debug\数据结构-中缀转后缀.unsuccessfulbuild”。
         正在对“Debug\数据结构-中缀转后缀.lastbuildstate”执行 Touch 任务。
     1>已完成生成项目“c:\Users\舒琨博\documents\visual studio 2010\Projects\数据结构-中缀转后缀\数据结构-中缀转后缀\数据结构-中缀转后缀.vcxproj”(build 个目标)的操作。

生成成功。

已用时间 00:00:00.86
