C:\USERS\舒琨博\DOCUMENTS\VISUAL STUDIO 2010\PROJECTS\数据结构-中缀转后缀\DEBUG\数据结构-中缀转后缀.EXE
C:\USERS\舒琨博\DOCUMENTS\VISUAL STUDIO 2010\PROJECTS\数据结构-中缀转后缀\DEBUG\数据结构-中缀转后缀.ILK
C:\USERS\舒琨博\DOCUMENTS\VISUAL STUDIO 2010\PROJECTS\数据结构-中缀转后缀\DEBUG\数据结构-中缀转后缀.PDB
c:\Users\舒琨博\documents\visual studio 2010\Projects\数据结构-中缀转后缀\数据结构-中缀转后缀\Debug\cl.command.1.tlog
c:\Users\舒琨博\documents\visual studio 2010\Projects\数据结构-中缀转后缀\数据结构-中缀转后缀\Debug\CL.read.1.tlog
c:\Users\舒琨博\documents\visual studio 2010\Projects\数据结构-中缀转后缀\数据结构-中缀转后缀\Debug\CL.write.1.tlog
c:\Users\舒琨博\documents\visual studio 2010\Projects\数据结构-中缀转后缀\数据结构-中缀转后缀\Debug\link.42528.read.1.tlog
c:\Users\舒琨博\documents\visual studio 2010\Projects\数据结构-中缀转后缀\数据结构-中缀转后缀\Debug\link.42528.write.1.tlog
c:\Users\舒琨博\documents\visual studio 2010\Projects\数据结构-中缀转后缀\数据结构-中缀转后缀\Debug\link.42528-cvtres.read.1.tlog
c:\Users\舒琨博\documents\visual studio 2010\Projects\数据结构-中缀转后缀\数据结构-中缀转后缀\Debug\link.42528-cvtres.write.1.tlog
c:\Users\舒琨博\documents\visual studio 2010\Projects\数据结构-中缀转后缀\数据结构-中缀转后缀\Debug\link.command.1.tlog
c:\Users\舒琨博\documents\visual studio 2010\Projects\数据结构-中缀转后缀\数据结构-中缀转后缀\Debug\link.read.1.tlog
c:\Users\舒琨博\documents\visual studio 2010\Projects\数据结构-中缀转后缀\数据结构-中缀转后缀\Debug\link.write.1.tlog
c:\Users\舒琨博\documents\visual studio 2010\Projects\数据结构-中缀转后缀\数据结构-中缀转后缀\Debug\link-cvtres.read.1.tlog
c:\Users\舒琨博\documents\visual studio 2010\Projects\数据结构-中缀转后缀\数据结构-中缀转后缀\Debug\link-cvtres.write.1.tlog
c:\Users\舒琨博\documents\visual studio 2010\Projects\数据结构-中缀转后缀\数据结构-中缀转后缀\Debug\mt.command.1.tlog
c:\Users\舒琨博\documents\visual studio 2010\Projects\数据结构-中缀转后缀\数据结构-中缀转后缀\Debug\mt.read.1.tlog
c:\Users\舒琨博\documents\visual studio 2010\Projects\数据结构-中缀转后缀\数据结构-中缀转后缀\Debug\mt.write.1.tlog
c:\Users\舒琨博\documents\visual studio 2010\Projects\数据结构-中缀转后缀\数据结构-中缀转后缀\Debug\rc.command.1.tlog
c:\Users\舒琨博\documents\visual studio 2010\Projects\数据结构-中缀转后缀\数据结构-中缀转后缀\Debug\rc.read.1.tlog
c:\Users\舒琨博\documents\visual studio 2010\Projects\数据结构-中缀转后缀\数据结构-中缀转后缀\Debug\rc.write.1.tlog
C:\USERS\舒琨博\DOCUMENTS\VISUAL STUDIO 2010\PROJECTS\数据结构-中缀转后缀\数据结构-中缀转后缀\DEBUG\STDAFX.OBJ
c:\Users\舒琨博\documents\visual studio 2010\Projects\数据结构-中缀转后缀\数据结构-中缀转后缀\Debug\vc100.idb
C:\USERS\舒琨博\DOCUMENTS\VISUAL STUDIO 2010\PROJECTS\数据结构-中缀转后缀\数据结构-中缀转后缀\DEBUG\VC100.PDB
C:\USERS\舒琨博\DOCUMENTS\VISUAL STUDIO 2010\PROJECTS\数据结构-中缀转后缀\数据结构-中缀转后缀\DEBUG\数据结构-中缀转后缀.EXE.EMBED.MANIFEST
C:\USERS\舒琨博\DOCUMENTS\VISUAL STUDIO 2010\PROJECTS\数据结构-中缀转后缀\数据结构-中缀转后缀\DEBUG\数据结构-中缀转后缀.EXE.EMBED.MANIFEST.RES
C:\USERS\舒琨博\DOCUMENTS\VISUAL STUDIO 2010\PROJECTS\数据结构-中缀转后缀\数据结构-中缀转后缀\DEBUG\数据结构-中缀转后缀.EXE.INTERMEDIATE.MANIFEST
C:\USERS\舒琨博\DOCUMENTS\VISUAL STUDIO 2010\PROJECTS\数据结构-中缀转后缀\数据结构-中缀转后缀\DEBUG\数据结构-中缀转后缀.OBJ
C:\USERS\舒琨博\DOCUMENTS\VISUAL STUDIO 2010\PROJECTS\数据结构-中缀转后缀\数据结构-中缀转后缀\DEBUG\数据结构-中缀转后缀.PCH
c:\Users\舒琨博\documents\visual studio 2010\Projects\数据结构-中缀转后缀\数据结构-中缀转后缀\Debug\数据结构-中缀转后缀.vcxprojResolveAssemblyReference.cache
c:\Users\舒琨博\documents\visual studio 2010\Projects\数据结构-中缀转后缀\数据结构-中缀转后缀\Debug\数据结构-中缀转后缀.write.1.tlog
c:\Users\舒琨博\documents\visual studio 2010\Projects\数据结构-中缀转后缀\数据结构-中缀转后缀\Debug\数据结构-中缀转后缀_manifest.rc
C:\USERS\舒琨博\DOCUMENTS\VISUAL STUDIO 2010\PROJECTS\数据结构-中缀转后缀\数据结构-中缀转后缀\DEBUG\中缀转后缀.OBJ
