生成启动时间为 2016/12/30 23:21:05。
     1>项目“c:\Users\舒琨博\documents\visual studio 2010\Projects\数据结构-循环链表\数据结构-循环链表\数据结构-循环链表.vcxproj”在节点 2 上(build 个目标)。
     1>InitializeBuildStatus:
         正在创建“Debug\数据结构-循环链表.unsuccessfulbuild”，因为已指定“AlwaysCreate”。
       ClCompile:
         所有输出均为最新。
         c:\Program Files (x86)\Microsoft Visual Studio 10.0\VC\bin\CL.exe /c /ZI /nologo /W3 /WX- /Od /Oy- /D WIN32 /D _DEBUG /D _CONSOLE /D _UNICODE /D UNICODE /Gm /EHsc /RTC1 /MDd /GS /fp:precise /Zc:wchar_t /Zc:forScope /Yu"StdAfx.h" /Fp"Debug\数据结构-循环链表.pch" /Fo"Debug\\" /Fd"Debug\vc100.pdb" /Gd /TP /analyze- /errorReport:prompt "实验一-线性表操作-约瑟夫问题.cpp"
         实验一-线性表操作-约瑟夫问题.cpp
     1>c:\users\舒琨博\documents\visual studio 2010\projects\数据结构-循环链表\数据结构-循环链表\实验一-线性表操作-约瑟夫问题.cpp(20): warning C4101: “temp”: 未引用的局部变量
     1>c:\users\舒琨博\documents\visual studio 2010\projects\数据结构-循环链表\数据结构-循环链表\实验一-线性表操作-约瑟夫问题.cpp(36): warning C4101: “m”: 未引用的局部变量
       ManifestResourceCompile:
         所有输出均为最新。
       Link:
         c:\Program Files (x86)\Microsoft Visual Studio 10.0\VC\bin\link.exe /ERRORREPORT:PROMPT /OUT:"c:\users\舒琨博\documents\visual studio 2010\Projects\数据结构-循环链表\Debug\数据结构-循环链表.exe" /INCREMENTAL /NOLOGO kernel32.lib user32.lib gdi32.lib winspool.lib comdlg32.lib advapi32.lib shell32.lib ole32.lib oleaut32.lib uuid.lib odbc32.lib odbccp32.lib /MANIFEST /ManifestFile:"Debug\数据结构-循环链表.exe.intermediate.manifest" /MANIFESTUAC:"level='asInvoker' uiAccess='false'" /DEBUG /PDB:"c:\users\舒琨博\documents\visual studio 2010\Projects\数据结构-循环链表\Debug\数据结构-循环链表.pdb" /SUBSYSTEM:CONSOLE /TLBID:1 /DYNAMICBASE /NXCOMPAT /IMPLIB:"c:\users\舒琨博\documents\visual studio 2010\Projects\数据结构-循环链表\Debug\数据结构-循环链表.lib" /MACHINE:X86 "Debug\数据结构-循环链表.exe.embed.manifest.res"
         Debug\stdafx.obj
         "Debug\实验一-线性表操作-约瑟夫问题.obj"
         "Debug\数据结构-循环链表.obj"
       Manifest:
         c:\Program Files (x86)\Microsoft SDKs\Windows\v7.0A\bin\mt.exe /nologo /verbose /out:"Debug\数据结构-循环链表.exe.embed.manifest" /manifest "Debug\数据结构-循环链表.exe.intermediate.manifest"
         所有输出均为最新。
       LinkEmbedManifest:
         所有输出均为最新。
         数据结构-循环链表.vcxproj -> c:\users\舒琨博\documents\visual studio 2010\Projects\数据结构-循环链表\Debug\数据结构-循环链表.exe
       FinalizeBuildStatus:
         正在删除文件“Debug\数据结构-循环链表.unsuccessfulbuild”。
         正在对“Debug\数据结构-循环链表.lastbuildstate”执行 Touch 任务。
     1>已完成生成项目“c:\Users\舒琨博\documents\visual studio 2010\Projects\数据结构-循环链表\数据结构-循环链表\数据结构-循环链表.vcxproj”(build 个目标)的操作。

生成成功。

已用时间 00:00:00.98
