C:\USERS\舒琨博\DOCUMENTS\VISUAL STUDIO 2010\PROJECTS\数据结构-循环队列\DEBUG\数据结构-循环队列.EXE
C:\USERS\舒琨博\DOCUMENTS\VISUAL STUDIO 2010\PROJECTS\数据结构-循环队列\DEBUG\数据结构-循环队列.ILK
C:\USERS\舒琨博\DOCUMENTS\VISUAL STUDIO 2010\PROJECTS\数据结构-循环队列\DEBUG\数据结构-循环队列.PDB
C:\Users\舒琨博\Documents\Visual Studio 2010\Projects\数据结构-循环队列\数据结构-循环队列\Debug\cl.command.1.tlog
C:\Users\舒琨博\Documents\Visual Studio 2010\Projects\数据结构-循环队列\数据结构-循环队列\Debug\CL.read.1.tlog
C:\Users\舒琨博\Documents\Visual Studio 2010\Projects\数据结构-循环队列\数据结构-循环队列\Debug\CL.write.1.tlog
C:\Users\舒琨博\Documents\Visual Studio 2010\Projects\数据结构-循环队列\数据结构-循环队列\Debug\link.23600.read.1.tlog
C:\Users\舒琨博\Documents\Visual Studio 2010\Projects\数据结构-循环队列\数据结构-循环队列\Debug\link.23600.write.1.tlog
C:\Users\舒琨博\Documents\Visual Studio 2010\Projects\数据结构-循环队列\数据结构-循环队列\Debug\link.23600-cvtres.read.1.tlog
C:\Users\舒琨博\Documents\Visual Studio 2010\Projects\数据结构-循环队列\数据结构-循环队列\Debug\link.23600-cvtres.write.1.tlog
C:\Users\舒琨博\Documents\Visual Studio 2010\Projects\数据结构-循环队列\数据结构-循环队列\Debug\link.command.1.tlog
C:\Users\舒琨博\Documents\Visual Studio 2010\Projects\数据结构-循环队列\数据结构-循环队列\Debug\link.read.1.tlog
C:\Users\舒琨博\Documents\Visual Studio 2010\Projects\数据结构-循环队列\数据结构-循环队列\Debug\link.write.1.tlog
C:\Users\舒琨博\Documents\Visual Studio 2010\Projects\数据结构-循环队列\数据结构-循环队列\Debug\link-cvtres.read.1.tlog
C:\Users\舒琨博\Documents\Visual Studio 2010\Projects\数据结构-循环队列\数据结构-循环队列\Debug\link-cvtres.write.1.tlog
C:\Users\舒琨博\Documents\Visual Studio 2010\Projects\数据结构-循环队列\数据结构-循环队列\Debug\mt.command.1.tlog
C:\Users\舒琨博\Documents\Visual Studio 2010\Projects\数据结构-循环队列\数据结构-循环队列\Debug\mt.read.1.tlog
C:\Users\舒琨博\Documents\Visual Studio 2010\Projects\数据结构-循环队列\数据结构-循环队列\Debug\mt.write.1.tlog
C:\Users\舒琨博\Documents\Visual Studio 2010\Projects\数据结构-循环队列\数据结构-循环队列\Debug\rc.command.1.tlog
C:\Users\舒琨博\Documents\Visual Studio 2010\Projects\数据结构-循环队列\数据结构-循环队列\Debug\rc.read.1.tlog
C:\Users\舒琨博\Documents\Visual Studio 2010\Projects\数据结构-循环队列\数据结构-循环队列\Debug\rc.write.1.tlog
C:\USERS\舒琨博\DOCUMENTS\VISUAL STUDIO 2010\PROJECTS\数据结构-循环队列\数据结构-循环队列\DEBUG\STDAFX.OBJ
C:\Users\舒琨博\Documents\Visual Studio 2010\Projects\数据结构-循环队列\数据结构-循环队列\Debug\vc100.idb
C:\USERS\舒琨博\DOCUMENTS\VISUAL STUDIO 2010\PROJECTS\数据结构-循环队列\数据结构-循环队列\DEBUG\VC100.PDB
C:\USERS\舒琨博\DOCUMENTS\VISUAL STUDIO 2010\PROJECTS\数据结构-循环队列\数据结构-循环队列\DEBUG\数据结构-循环队列.EXE.EMBED.MANIFEST
C:\USERS\舒琨博\DOCUMENTS\VISUAL STUDIO 2010\PROJECTS\数据结构-循环队列\数据结构-循环队列\DEBUG\数据结构-循环队列.EXE.EMBED.MANIFEST.RES
C:\USERS\舒琨博\DOCUMENTS\VISUAL STUDIO 2010\PROJECTS\数据结构-循环队列\数据结构-循环队列\DEBUG\数据结构-循环队列.EXE.INTERMEDIATE.MANIFEST
C:\USERS\舒琨博\DOCUMENTS\VISUAL STUDIO 2010\PROJECTS\数据结构-循环队列\数据结构-循环队列\DEBUG\数据结构-循环队列.OBJ
C:\USERS\舒琨博\DOCUMENTS\VISUAL STUDIO 2010\PROJECTS\数据结构-循环队列\数据结构-循环队列\DEBUG\数据结构-循环队列.PCH
C:\Users\舒琨博\Documents\Visual Studio 2010\Projects\数据结构-循环队列\数据结构-循环队列\Debug\数据结构-循环队列.write.1.tlog
C:\Users\舒琨博\Documents\Visual Studio 2010\Projects\数据结构-循环队列\数据结构-循环队列\Debug\数据结构-循环队列_manifest.rc
C:\USERS\舒琨博\DOCUMENTS\VISUAL STUDIO 2010\PROJECTS\数据结构-循环队列\数据结构-循环队列\DEBUG\循环队列.OBJ
