生成启动时间为 2017/2/19 14:23:39。
     1>项目“c:\Users\舒琨博\documents\visual studio 2010\Projects\数据结构-快速排序\数据结构-快速排序\数据结构-快速排序.vcxproj”在节点 2 上(rebuild 个目标)。
     1>_PrepareForClean:
         正在删除文件“Debug\数据结构-快速排序.lastbuildstate”。
       InitializeBuildStatus:
         正在对“Debug\数据结构-快速排序.unsuccessfulbuild”执行 Touch 任务。
       ClCompile:
         c:\Program Files (x86)\Microsoft Visual Studio 10.0\VC\bin\CL.exe /c /ZI /nologo /W3 /WX- /Od /Oy- /D WIN32 /D _DEBUG /D _CONSOLE /D _UNICODE /D UNICODE /Gm /EHsc /RTC1 /MDd /GS /fp:precise /Zc:wchar_t /Zc:forScope /Yc"StdAfx.h" /Fp"Debug\数据结构-快速排序.pch" /Fo"Debug\\" /Fd"Debug\vc100.pdb" /Gd /TP /analyze- /errorReport:prompt stdafx.cpp
         stdafx.cpp
         c:\Program Files (x86)\Microsoft Visual Studio 10.0\VC\bin\CL.exe /c /ZI /nologo /W3 /WX- /Od /Oy- /D WIN32 /D _DEBUG /D _CONSOLE /D _UNICODE /D UNICODE /Gm /EHsc /RTC1 /MDd /GS /fp:precise /Zc:wchar_t /Zc:forScope /Yu"StdAfx.h" /Fp"Debug\数据结构-快速排序.pch" /Fo"Debug\\" /Fd"Debug\vc100.pdb" /Gd /TP /analyze- /errorReport:prompt "快速排序.cpp" "数据结构-快速排序.cpp"
         数据结构-快速排序.cpp
         快速排序.cpp
     1>c:\users\舒琨博\documents\visual studio 2010\projects\数据结构-快速排序\数据结构-快速排序\数据结构-排序表.h(8): warning C4800: “Element *const ”: 将值强制为布尔值“true”或“false”(性能警告)
         正在生成代码...
       ManifestResourceCompile:
         c:\Program Files (x86)\Microsoft SDKs\Windows\v7.0A\bin\rc.exe /nologo /fo"Debug\数据结构-快速排序.exe.embed.manifest.res" "Debug\数据结构-快速排序_manifest.rc" 
       Link:
         c:\Program Files (x86)\Microsoft Visual Studio 10.0\VC\bin\link.exe /ERRORREPORT:PROMPT /OUT:"c:\users\舒琨博\documents\visual studio 2010\Projects\数据结构-快速排序\Debug\数据结构-快速排序.exe" /INCREMENTAL /NOLOGO kernel32.lib user32.lib gdi32.lib winspool.lib comdlg32.lib advapi32.lib shell32.lib ole32.lib oleaut32.lib uuid.lib odbc32.lib odbccp32.lib /MANIFEST /ManifestFile:"Debug\数据结构-快速排序.exe.intermediate.manifest" /MANIFESTUAC:"level='asInvoker' uiAccess='false'" /DEBUG /PDB:"c:\users\舒琨博\documents\visual studio 2010\Projects\数据结构-快速排序\Debug\数据结构-快速排序.pdb" /SUBSYSTEM:CONSOLE /TLBID:1 /DYNAMICBASE /NXCOMPAT /IMPLIB:"c:\users\舒琨博\documents\visual studio 2010\Projects\数据结构-快速排序\Debug\数据结构-快速排序.lib" /MACHINE:X86 "Debug\数据结构-快速排序.exe.embed.manifest.res"
         Debug\stdafx.obj
         "Debug\快速排序.obj"
         "Debug\数据结构-快速排序.obj"
     1>LINK : warning LNK4067: 不明确的入口点；选定“mainCRTStartup”
       Manifest:
         正在删除文件“Debug\数据结构-快速排序.exe.embed.manifest”。
         c:\Program Files (x86)\Microsoft SDKs\Windows\v7.0A\bin\mt.exe /nologo /verbose /out:"Debug\数据结构-快速排序.exe.embed.manifest" /manifest "Debug\数据结构-快速排序.exe.intermediate.manifest"
         c:\Program Files (x86)\Microsoft SDKs\Windows\v7.0A\bin\rc.exe /nologo /fo"Debug\数据结构-快速排序.exe.embed.manifest.res" "Debug\数据结构-快速排序_manifest.rc" 
       LinkEmbedManifest:
         c:\Program Files (x86)\Microsoft Visual Studio 10.0\VC\bin\link.exe /ERRORREPORT:PROMPT /OUT:"c:\users\舒琨博\documents\visual studio 2010\Projects\数据结构-快速排序\Debug\数据结构-快速排序.exe" /INCREMENTAL /NOLOGO kernel32.lib user32.lib gdi32.lib winspool.lib comdlg32.lib advapi32.lib shell32.lib ole32.lib oleaut32.lib uuid.lib odbc32.lib odbccp32.lib /MANIFEST /ManifestFile:"Debug\数据结构-快速排序.exe.intermediate.manifest" /MANIFESTUAC:"level='asInvoker' uiAccess='false'" /DEBUG /PDB:"c:\users\舒琨博\documents\visual studio 2010\Projects\数据结构-快速排序\Debug\数据结构-快速排序.pdb" /SUBSYSTEM:CONSOLE /TLBID:1 /DYNAMICBASE /NXCOMPAT /IMPLIB:"c:\users\舒琨博\documents\visual studio 2010\Projects\数据结构-快速排序\Debug\数据结构-快速排序.lib" /MACHINE:X86 "Debug\数据结构-快速排序.exe.embed.manifest.res"
         Debug\stdafx.obj
         "Debug\快速排序.obj"
         "Debug\数据结构-快速排序.obj"
     1>LINK : warning LNK4067: 不明确的入口点；选定“mainCRTStartup”
         数据结构-快速排序.vcxproj -> c:\users\舒琨博\documents\visual studio 2010\Projects\数据结构-快速排序\Debug\数据结构-快速排序.exe
       FinalizeBuildStatus:
         正在删除文件“Debug\数据结构-快速排序.unsuccessfulbuild”。
         正在对“Debug\数据结构-快速排序.lastbuildstate”执行 Touch 任务。
     1>已完成生成项目“c:\Users\舒琨博\documents\visual studio 2010\Projects\数据结构-快速排序\数据结构-快速排序\数据结构-快速排序.vcxproj”(rebuild 个目标)的操作。

生成成功。

已用时间 00:00:02.55
