生成启动时间为 2017/2/25 13:23:05。
     1>项目“c:\Users\舒琨博\documents\visual studio 2010\Projects\数据结构-二叉搜索树\数据结构-二叉搜索树\数据结构-二叉搜索树.vcxproj”在节点 2 上(build 个目标)。
     1>PrepareForBuild:
         正在创建目录“c:\users\舒琨博\documents\visual studio 2010\Projects\数据结构-二叉搜索树\Debug\”。
       InitializeBuildStatus:
         正在创建“Debug\数据结构-二叉搜索树.unsuccessfulbuild”，因为已指定“AlwaysCreate”。
       ClCompile:
         c:\Program Files (x86)\Microsoft Visual Studio 10.0\VC\bin\CL.exe /c /ZI /nologo /W3 /WX- /Od /Oy- /D WIN32 /D _DEBUG /D _CONSOLE /D _UNICODE /D UNICODE /Gm /EHsc /RTC1 /MDd /GS /fp:precise /Zc:wchar_t /Zc:forScope /Yc"StdAfx.h" /Fp"Debug\数据结构-二叉搜索树.pch" /Fo"Debug\\" /Fd"Debug\vc100.pdb" /Gd /TP /analyze- /errorReport:prompt stdafx.cpp
         stdafx.cpp
         c:\Program Files (x86)\Microsoft Visual Studio 10.0\VC\bin\CL.exe /c /ZI /nologo /W3 /WX- /Od /Oy- /D WIN32 /D _DEBUG /D _CONSOLE /D _UNICODE /D UNICODE /Gm /EHsc /RTC1 /MDd /GS /fp:precise /Zc:wchar_t /Zc:forScope /Yu"StdAfx.h" /Fp"Debug\数据结构-二叉搜索树.pch" /Fo"Debug\\" /Fd"Debug\vc100.pdb" /Gd /TP /analyze- /errorReport:prompt "二叉搜索树.cpp" "数据结构-二叉搜索树.cpp"
         数据结构-二叉搜索树.cpp
         二叉搜索树.cpp
         正在生成代码...
     1>c:\users\舒琨博\documents\visual studio 2010\projects\数据结构-二叉搜索树\数据结构-二叉搜索树\二叉搜索树.cpp(44): warning C4715: “BST::Serach”: 不是所有的控件路径都返回值
     1>c:\users\舒琨博\documents\visual studio 2010\projects\数据结构-二叉搜索树\数据结构-二叉搜索树\二叉搜索树.cpp(54): warning C4715: “BST::Insert”: 不是所有的控件路径都返回值
       ManifestResourceCompile:
         c:\Program Files (x86)\Microsoft SDKs\Windows\v7.0A\bin\rc.exe /nologo /fo"Debug\数据结构-二叉搜索树.exe.embed.manifest.res" "Debug\数据结构-二叉搜索树_manifest.rc" 
       Link:
         c:\Program Files (x86)\Microsoft Visual Studio 10.0\VC\bin\link.exe /ERRORREPORT:PROMPT /OUT:"c:\users\舒琨博\documents\visual studio 2010\Projects\数据结构-二叉搜索树\Debug\数据结构-二叉搜索树.exe" /INCREMENTAL /NOLOGO kernel32.lib user32.lib gdi32.lib winspool.lib comdlg32.lib advapi32.lib shell32.lib ole32.lib oleaut32.lib uuid.lib odbc32.lib odbccp32.lib /MANIFEST /ManifestFile:"Debug\数据结构-二叉搜索树.exe.intermediate.manifest" /MANIFESTUAC:"level='asInvoker' uiAccess='false'" /DEBUG /PDB:"c:\users\舒琨博\documents\visual studio 2010\Projects\数据结构-二叉搜索树\Debug\数据结构-二叉搜索树.pdb" /SUBSYSTEM:CONSOLE /TLBID:1 /DYNAMICBASE /NXCOMPAT /IMPLIB:"c:\users\舒琨博\documents\visual studio 2010\Projects\数据结构-二叉搜索树\Debug\数据结构-二叉搜索树.lib" /MACHINE:X86 "Debug\数据结构-二叉搜索树.exe.embed.manifest.res"
         Debug\stdafx.obj
         "Debug\二叉搜索树.obj"
         "Debug\数据结构-二叉搜索树.obj"
       Manifest:
         c:\Program Files (x86)\Microsoft SDKs\Windows\v7.0A\bin\mt.exe /nologo /verbose /out:"Debug\数据结构-二叉搜索树.exe.embed.manifest" /manifest "Debug\数据结构-二叉搜索树.exe.intermediate.manifest"
         c:\Program Files (x86)\Microsoft SDKs\Windows\v7.0A\bin\rc.exe /nologo /fo"Debug\数据结构-二叉搜索树.exe.embed.manifest.res" "Debug\数据结构-二叉搜索树_manifest.rc" 
       LinkEmbedManifest:
         c:\Program Files (x86)\Microsoft Visual Studio 10.0\VC\bin\link.exe /ERRORREPORT:PROMPT /OUT:"c:\users\舒琨博\documents\visual studio 2010\Projects\数据结构-二叉搜索树\Debug\数据结构-二叉搜索树.exe" /INCREMENTAL /NOLOGO kernel32.lib user32.lib gdi32.lib winspool.lib comdlg32.lib advapi32.lib shell32.lib ole32.lib oleaut32.lib uuid.lib odbc32.lib odbccp32.lib /MANIFEST /ManifestFile:"Debug\数据结构-二叉搜索树.exe.intermediate.manifest" /MANIFESTUAC:"level='asInvoker' uiAccess='false'" /DEBUG /PDB:"c:\users\舒琨博\documents\visual studio 2010\Projects\数据结构-二叉搜索树\Debug\数据结构-二叉搜索树.pdb" /SUBSYSTEM:CONSOLE /TLBID:1 /DYNAMICBASE /NXCOMPAT /IMPLIB:"c:\users\舒琨博\documents\visual studio 2010\Projects\数据结构-二叉搜索树\Debug\数据结构-二叉搜索树.lib" /MACHINE:X86 "Debug\数据结构-二叉搜索树.exe.embed.manifest.res"
         Debug\stdafx.obj
         "Debug\二叉搜索树.obj"
         "Debug\数据结构-二叉搜索树.obj"
         数据结构-二叉搜索树.vcxproj -> c:\users\舒琨博\documents\visual studio 2010\Projects\数据结构-二叉搜索树\Debug\数据结构-二叉搜索树.exe
       FinalizeBuildStatus:
         正在删除文件“Debug\数据结构-二叉搜索树.unsuccessfulbuild”。
         正在对“Debug\数据结构-二叉搜索树.lastbuildstate”执行 Touch 任务。
     1>已完成生成项目“c:\Users\舒琨博\documents\visual studio 2010\Projects\数据结构-二叉搜索树\数据结构-二叉搜索树\数据结构-二叉搜索树.vcxproj”(build 个目标)的操作。

生成成功。

已用时间 00:00:03.12
