C:\USERS\舒琨博\DOCUMENTS\VISUAL STUDIO 2010\PROJECTS\数据结构-图（邻接表表示）\DEBUG\数据结构-图（邻接表表示）.EXE
C:\USERS\舒琨博\DOCUMENTS\VISUAL STUDIO 2010\PROJECTS\数据结构-图（邻接表表示）\DEBUG\数据结构-图（邻接表表示）.ILK
C:\USERS\舒琨博\DOCUMENTS\VISUAL STUDIO 2010\PROJECTS\数据结构-图（邻接表表示）\DEBUG\数据结构-图（邻接表表示）.PDB
C:\Users\舒琨博\documents\visual studio 2010\Projects\数据结构-图（邻接表表示）\数据结构-图（邻接表表示）\Debug\cl.command.1.tlog
C:\Users\舒琨博\documents\visual studio 2010\Projects\数据结构-图（邻接表表示）\数据结构-图（邻接表表示）\Debug\CL.read.1.tlog
C:\Users\舒琨博\documents\visual studio 2010\Projects\数据结构-图（邻接表表示）\数据结构-图（邻接表表示）\Debug\CL.write.1.tlog
C:\Users\舒琨博\documents\visual studio 2010\Projects\数据结构-图（邻接表表示）\数据结构-图（邻接表表示）\Debug\link.15332.read.1.tlog
C:\Users\舒琨博\documents\visual studio 2010\Projects\数据结构-图（邻接表表示）\数据结构-图（邻接表表示）\Debug\link.15332.write.1.tlog
C:\Users\舒琨博\documents\visual studio 2010\Projects\数据结构-图（邻接表表示）\数据结构-图（邻接表表示）\Debug\link.15332-cvtres.read.1.tlog
C:\Users\舒琨博\documents\visual studio 2010\Projects\数据结构-图（邻接表表示）\数据结构-图（邻接表表示）\Debug\link.15332-cvtres.write.1.tlog
C:\Users\舒琨博\documents\visual studio 2010\Projects\数据结构-图（邻接表表示）\数据结构-图（邻接表表示）\Debug\link.15592.read.1.tlog
C:\Users\舒琨博\documents\visual studio 2010\Projects\数据结构-图（邻接表表示）\数据结构-图（邻接表表示）\Debug\link.15592.write.1.tlog
C:\Users\舒琨博\documents\visual studio 2010\Projects\数据结构-图（邻接表表示）\数据结构-图（邻接表表示）\Debug\link.15592-cvtres.read.1.tlog
C:\Users\舒琨博\documents\visual studio 2010\Projects\数据结构-图（邻接表表示）\数据结构-图（邻接表表示）\Debug\link.15592-cvtres.write.1.tlog
C:\Users\舒琨博\documents\visual studio 2010\Projects\数据结构-图（邻接表表示）\数据结构-图（邻接表表示）\Debug\link.command.1.tlog
C:\Users\舒琨博\documents\visual studio 2010\Projects\数据结构-图（邻接表表示）\数据结构-图（邻接表表示）\Debug\link.read.1.tlog
C:\Users\舒琨博\documents\visual studio 2010\Projects\数据结构-图（邻接表表示）\数据结构-图（邻接表表示）\Debug\link.write.1.tlog
C:\Users\舒琨博\documents\visual studio 2010\Projects\数据结构-图（邻接表表示）\数据结构-图（邻接表表示）\Debug\link-cvtres.read.1.tlog
C:\Users\舒琨博\documents\visual studio 2010\Projects\数据结构-图（邻接表表示）\数据结构-图（邻接表表示）\Debug\link-cvtres.write.1.tlog
C:\Users\舒琨博\documents\visual studio 2010\Projects\数据结构-图（邻接表表示）\数据结构-图（邻接表表示）\Debug\mt.command.1.tlog
C:\Users\舒琨博\documents\visual studio 2010\Projects\数据结构-图（邻接表表示）\数据结构-图（邻接表表示）\Debug\mt.read.1.tlog
C:\Users\舒琨博\documents\visual studio 2010\Projects\数据结构-图（邻接表表示）\数据结构-图（邻接表表示）\Debug\mt.write.1.tlog
C:\Users\舒琨博\documents\visual studio 2010\Projects\数据结构-图（邻接表表示）\数据结构-图（邻接表表示）\Debug\rc.command.1.tlog
C:\Users\舒琨博\documents\visual studio 2010\Projects\数据结构-图（邻接表表示）\数据结构-图（邻接表表示）\Debug\rc.read.1.tlog
C:\Users\舒琨博\documents\visual studio 2010\Projects\数据结构-图（邻接表表示）\数据结构-图（邻接表表示）\Debug\rc.write.1.tlog
C:\USERS\舒琨博\DOCUMENTS\VISUAL STUDIO 2010\PROJECTS\数据结构-图（邻接表表示）\数据结构-图（邻接表表示）\DEBUG\STDAFX.OBJ
C:\Users\舒琨博\documents\visual studio 2010\Projects\数据结构-图（邻接表表示）\数据结构-图（邻接表表示）\Debug\vc100.idb
C:\USERS\舒琨博\DOCUMENTS\VISUAL STUDIO 2010\PROJECTS\数据结构-图（邻接表表示）\数据结构-图（邻接表表示）\DEBUG\VC100.PDB
C:\USERS\舒琨博\DOCUMENTS\VISUAL STUDIO 2010\PROJECTS\数据结构-图（邻接表表示）\数据结构-图（邻接表表示）\DEBUG\数据结构-图（邻接表表示）.EXE.EMBED.MANIFEST
C:\USERS\舒琨博\DOCUMENTS\VISUAL STUDIO 2010\PROJECTS\数据结构-图（邻接表表示）\数据结构-图（邻接表表示）\DEBUG\数据结构-图（邻接表表示）.EXE.EMBED.MANIFEST.RES
C:\USERS\舒琨博\DOCUMENTS\VISUAL STUDIO 2010\PROJECTS\数据结构-图（邻接表表示）\数据结构-图（邻接表表示）\DEBUG\数据结构-图（邻接表表示）.EXE.INTERMEDIATE.MANIFEST
C:\USERS\舒琨博\DOCUMENTS\VISUAL STUDIO 2010\PROJECTS\数据结构-图（邻接表表示）\数据结构-图（邻接表表示）\DEBUG\数据结构-图（邻接表表示）.OBJ
C:\USERS\舒琨博\DOCUMENTS\VISUAL STUDIO 2010\PROJECTS\数据结构-图（邻接表表示）\数据结构-图（邻接表表示）\DEBUG\数据结构-图（邻接表表示）.PCH
C:\Users\舒琨博\documents\visual studio 2010\Projects\数据结构-图（邻接表表示）\数据结构-图（邻接表表示）\Debug\数据结构-图（邻接表表示）.vcxprojResolveAssemblyReference.cache
C:\Users\舒琨博\documents\visual studio 2010\Projects\数据结构-图（邻接表表示）\数据结构-图（邻接表表示）\Debug\数据结构-图（邻接表表示）.write.1.tlog
C:\Users\舒琨博\documents\visual studio 2010\Projects\数据结构-图（邻接表表示）\数据结构-图（邻接表表示）\Debug\数据结构-图（邻接表表示）_manifest.rc
C:\USERS\舒琨博\DOCUMENTS\VISUAL STUDIO 2010\PROJECTS\数据结构-图（邻接表表示）\数据结构-图（邻接表表示）\DEBUG\图（邻接表表示).OBJ
