C:\Users\舒琨博\Desktop\我的文档\我的文件\数据结构实验\数据结构-单链表\Debug\cl.command.1.tlog
C:\Users\舒琨博\Desktop\我的文档\我的文件\数据结构实验\数据结构-单链表\Debug\CL.read.1.tlog
C:\Users\舒琨博\Desktop\我的文档\我的文件\数据结构实验\数据结构-单链表\Debug\CL.write.1.tlog
C:\Users\舒琨博\Desktop\我的文档\我的文件\数据结构实验\数据结构-单链表\Debug\link.18312.read.1.tlog
C:\Users\舒琨博\Desktop\我的文档\我的文件\数据结构实验\数据结构-单链表\Debug\link.18312.write.1.tlog
C:\Users\舒琨博\Desktop\我的文档\我的文件\数据结构实验\数据结构-单链表\Debug\link.18312-cvtres.read.1.tlog
C:\Users\舒琨博\Desktop\我的文档\我的文件\数据结构实验\数据结构-单链表\Debug\link.18312-cvtres.write.1.tlog
C:\Users\舒琨博\Desktop\我的文档\我的文件\数据结构实验\数据结构-单链表\Debug\link.command.1.tlog
C:\Users\舒琨博\Desktop\我的文档\我的文件\数据结构实验\数据结构-单链表\Debug\link.read.1.tlog
C:\Users\舒琨博\Desktop\我的文档\我的文件\数据结构实验\数据结构-单链表\Debug\link.write.1.tlog
C:\Users\舒琨博\Desktop\我的文档\我的文件\数据结构实验\数据结构-单链表\Debug\link-cvtres.read.1.tlog
C:\Users\舒琨博\Desktop\我的文档\我的文件\数据结构实验\数据结构-单链表\Debug\link-cvtres.write.1.tlog
C:\Users\舒琨博\Desktop\我的文档\我的文件\数据结构实验\数据结构-单链表\Debug\mt.command.1.tlog
C:\Users\舒琨博\Desktop\我的文档\我的文件\数据结构实验\数据结构-单链表\Debug\mt.read.1.tlog
C:\Users\舒琨博\Desktop\我的文档\我的文件\数据结构实验\数据结构-单链表\Debug\mt.write.1.tlog
C:\Users\舒琨博\Desktop\我的文档\我的文件\数据结构实验\数据结构-单链表\Debug\rc.command.1.tlog
C:\Users\舒琨博\Desktop\我的文档\我的文件\数据结构实验\数据结构-单链表\Debug\rc.read.1.tlog
C:\Users\舒琨博\Desktop\我的文档\我的文件\数据结构实验\数据结构-单链表\Debug\rc.write.1.tlog
C:\USERS\舒琨博\DESKTOP\我的文档\我的文件\数据结构实验\数据结构-单链表\DEBUG\STDAFX.OBJ
C:\Users\舒琨博\Desktop\我的文档\我的文件\数据结构实验\数据结构-单链表\Debug\vc100.idb
C:\USERS\舒琨博\DESKTOP\我的文档\我的文件\数据结构实验\数据结构-单链表\DEBUG\VC100.PDB
C:\USERS\舒琨博\DESKTOP\我的文档\我的文件\数据结构实验\数据结构-单链表\DEBUG\单链表.OBJ
C:\USERS\舒琨博\DESKTOP\我的文档\我的文件\数据结构实验\数据结构-单链表\DEBUG\数据结构-单链表.EXE
C:\USERS\舒琨博\DESKTOP\我的文档\我的文件\数据结构实验\数据结构-单链表\DEBUG\数据结构-单链表.EXE.EMBED.MANIFEST
C:\USERS\舒琨博\DESKTOP\我的文档\我的文件\数据结构实验\数据结构-单链表\DEBUG\数据结构-单链表.EXE.EMBED.MANIFEST.RES
C:\USERS\舒琨博\DESKTOP\我的文档\我的文件\数据结构实验\数据结构-单链表\DEBUG\数据结构-单链表.EXE.INTERMEDIATE.MANIFEST
C:\USERS\舒琨博\DESKTOP\我的文档\我的文件\数据结构实验\数据结构-单链表\DEBUG\数据结构-单链表.ILK
C:\USERS\舒琨博\DESKTOP\我的文档\我的文件\数据结构实验\数据结构-单链表\DEBUG\数据结构-单链表.OBJ
C:\USERS\舒琨博\DESKTOP\我的文档\我的文件\数据结构实验\数据结构-单链表\DEBUG\数据结构-单链表.PCH
C:\USERS\舒琨博\DESKTOP\我的文档\我的文件\数据结构实验\数据结构-单链表\DEBUG\数据结构-单链表.PDB
C:\Users\舒琨博\Desktop\我的文档\我的文件\数据结构实验\数据结构-单链表\Debug\数据结构-单链表.vcxprojResolveAssemblyReference.cache
C:\Users\舒琨博\Desktop\我的文档\我的文件\数据结构实验\数据结构-单链表\Debug\数据结构-单链表.write.1.tlog
C:\Users\舒琨博\Desktop\我的文档\我的文件\数据结构实验\数据结构-单链表\Debug\数据结构-单链表_manifest.rc
C:\USERS\舒琨博\DOCUMENTS\VISUAL STUDIO 2010\PROJECTS\数据结构-单链表\DEBUG\数据结构-单链表.EXE
C:\USERS\舒琨博\DOCUMENTS\VISUAL STUDIO 2010\PROJECTS\数据结构-单链表\DEBUG\数据结构-单链表.ILK
C:\USERS\舒琨博\DOCUMENTS\VISUAL STUDIO 2010\PROJECTS\数据结构-单链表\DEBUG\数据结构-单链表.PDB
C:\USERS\舒琨博\DOCUMENTS\VISUAL STUDIO 2010\PROJECTS\数据结构-单链表\数据结构-单链表\DEBUG\STDAFX.OBJ
C:\USERS\舒琨博\DOCUMENTS\VISUAL STUDIO 2010\PROJECTS\数据结构-单链表\数据结构-单链表\DEBUG\VC100.PDB
C:\USERS\舒琨博\DOCUMENTS\VISUAL STUDIO 2010\PROJECTS\数据结构-单链表\数据结构-单链表\DEBUG\单链表.OBJ
C:\USERS\舒琨博\DOCUMENTS\VISUAL STUDIO 2010\PROJECTS\数据结构-单链表\数据结构-单链表\DEBUG\数据结构-单链表.EXE.EMBED.MANIFEST
C:\USERS\舒琨博\DOCUMENTS\VISUAL STUDIO 2010\PROJECTS\数据结构-单链表\数据结构-单链表\DEBUG\数据结构-单链表.EXE.EMBED.MANIFEST.RES
C:\USERS\舒琨博\DOCUMENTS\VISUAL STUDIO 2010\PROJECTS\数据结构-单链表\数据结构-单链表\DEBUG\数据结构-单链表.EXE.INTERMEDIATE.MANIFEST
C:\USERS\舒琨博\DOCUMENTS\VISUAL STUDIO 2010\PROJECTS\数据结构-单链表\数据结构-单链表\DEBUG\数据结构-单链表.OBJ
C:\USERS\舒琨博\DOCUMENTS\VISUAL STUDIO 2010\PROJECTS\数据结构-单链表\数据结构-单链表\DEBUG\数据结构-单链表.PCH
