C:\USERS\舒琨博\DOCUMENTS\VISUAL STUDIO 2010\PROJECTS\数据结构-二叉树类\DEBUG\数据结构-二叉树类.EXE
C:\USERS\舒琨博\DOCUMENTS\VISUAL STUDIO 2010\PROJECTS\数据结构-二叉树类\DEBUG\数据结构-二叉树类.ILK
C:\USERS\舒琨博\DOCUMENTS\VISUAL STUDIO 2010\PROJECTS\数据结构-二叉树类\DEBUG\数据结构-二叉树类.PDB
C:\Users\舒琨博\documents\visual studio 2010\Projects\数据结构-二叉树类\数据结构-二叉树类\Debug\cl.command.1.tlog
C:\Users\舒琨博\documents\visual studio 2010\Projects\数据结构-二叉树类\数据结构-二叉树类\Debug\CL.read.1.tlog
C:\Users\舒琨博\documents\visual studio 2010\Projects\数据结构-二叉树类\数据结构-二叉树类\Debug\CL.write.1.tlog
C:\Users\舒琨博\documents\visual studio 2010\Projects\数据结构-二叉树类\数据结构-二叉树类\Debug\link.6364.read.1.tlog
C:\Users\舒琨博\documents\visual studio 2010\Projects\数据结构-二叉树类\数据结构-二叉树类\Debug\link.6364.write.1.tlog
C:\Users\舒琨博\documents\visual studio 2010\Projects\数据结构-二叉树类\数据结构-二叉树类\Debug\link.6364-cvtres.read.1.tlog
C:\Users\舒琨博\documents\visual studio 2010\Projects\数据结构-二叉树类\数据结构-二叉树类\Debug\link.6364-cvtres.write.1.tlog
C:\Users\舒琨博\documents\visual studio 2010\Projects\数据结构-二叉树类\数据结构-二叉树类\Debug\link.command.1.tlog
C:\Users\舒琨博\documents\visual studio 2010\Projects\数据结构-二叉树类\数据结构-二叉树类\Debug\link.read.1.tlog
C:\Users\舒琨博\documents\visual studio 2010\Projects\数据结构-二叉树类\数据结构-二叉树类\Debug\link.write.1.tlog
C:\Users\舒琨博\documents\visual studio 2010\Projects\数据结构-二叉树类\数据结构-二叉树类\Debug\link-cvtres.read.1.tlog
C:\Users\舒琨博\documents\visual studio 2010\Projects\数据结构-二叉树类\数据结构-二叉树类\Debug\link-cvtres.write.1.tlog
C:\Users\舒琨博\documents\visual studio 2010\Projects\数据结构-二叉树类\数据结构-二叉树类\Debug\mt.command.1.tlog
C:\Users\舒琨博\documents\visual studio 2010\Projects\数据结构-二叉树类\数据结构-二叉树类\Debug\mt.read.1.tlog
C:\Users\舒琨博\documents\visual studio 2010\Projects\数据结构-二叉树类\数据结构-二叉树类\Debug\mt.write.1.tlog
C:\Users\舒琨博\documents\visual studio 2010\Projects\数据结构-二叉树类\数据结构-二叉树类\Debug\rc.command.1.tlog
C:\Users\舒琨博\documents\visual studio 2010\Projects\数据结构-二叉树类\数据结构-二叉树类\Debug\rc.read.1.tlog
C:\Users\舒琨博\documents\visual studio 2010\Projects\数据结构-二叉树类\数据结构-二叉树类\Debug\rc.write.1.tlog
C:\USERS\舒琨博\DOCUMENTS\VISUAL STUDIO 2010\PROJECTS\数据结构-二叉树类\数据结构-二叉树类\DEBUG\STDAFX.OBJ
C:\Users\舒琨博\documents\visual studio 2010\Projects\数据结构-二叉树类\数据结构-二叉树类\Debug\vc100.idb
C:\USERS\舒琨博\DOCUMENTS\VISUAL STUDIO 2010\PROJECTS\数据结构-二叉树类\数据结构-二叉树类\DEBUG\VC100.PDB
C:\USERS\舒琨博\DOCUMENTS\VISUAL STUDIO 2010\PROJECTS\数据结构-二叉树类\数据结构-二叉树类\DEBUG\二叉树.OBJ
C:\USERS\舒琨博\DOCUMENTS\VISUAL STUDIO 2010\PROJECTS\数据结构-二叉树类\数据结构-二叉树类\DEBUG\数据结构-二叉树类.EXE.EMBED.MANIFEST
C:\USERS\舒琨博\DOCUMENTS\VISUAL STUDIO 2010\PROJECTS\数据结构-二叉树类\数据结构-二叉树类\DEBUG\数据结构-二叉树类.EXE.EMBED.MANIFEST.RES
C:\USERS\舒琨博\DOCUMENTS\VISUAL STUDIO 2010\PROJECTS\数据结构-二叉树类\数据结构-二叉树类\DEBUG\数据结构-二叉树类.EXE.INTERMEDIATE.MANIFEST
C:\USERS\舒琨博\DOCUMENTS\VISUAL STUDIO 2010\PROJECTS\数据结构-二叉树类\数据结构-二叉树类\DEBUG\数据结构-二叉树类.OBJ
C:\USERS\舒琨博\DOCUMENTS\VISUAL STUDIO 2010\PROJECTS\数据结构-二叉树类\数据结构-二叉树类\DEBUG\数据结构-二叉树类.PCH
C:\Users\舒琨博\documents\visual studio 2010\Projects\数据结构-二叉树类\数据结构-二叉树类\Debug\数据结构-二叉树类.write.1.tlog
C:\Users\舒琨博\documents\visual studio 2010\Projects\数据结构-二叉树类\数据结构-二叉树类\Debug\数据结构-二叉树类_manifest.rc
