生成启动时间为 2017-2-25 16:03:57。
     1>项目“c:\mydoc\visual studio 2010\Projects\数据结构-哈夫曼树\数据结构-哈夫曼树\数据结构-哈夫曼树.vcxproj”在节点 2 上(build 个目标)。
     1>InitializeBuildStatus:
         正在创建“Debug\数据结构-哈夫曼树.unsuccessfulbuild”，因为已指定“AlwaysCreate”。
       ClCompile:
         C:\Program Files\Microsoft Visual Studio 10.0\VC\bin\CL.exe /c /ZI /nologo /W3 /WX- /Od /Oy- /D WIN32 /D _DEBUG /D _CONSOLE /D _UNICODE /D UNICODE /Gm /EHsc /RTC1 /MDd /GS /fp:precise /Zc:wchar_t /Zc:forScope /Yc"StdAfx.h" /Fp"Debug\数据结构-哈夫曼树.pch" /Fo"Debug\\" /Fd"Debug\vc100.pdb" /Gd /TP /analyze- /errorReport:prompt stdafx.cpp
         stdafx.cpp
         C:\Program Files\Microsoft Visual Studio 10.0\VC\bin\CL.exe /c /ZI /nologo /W3 /WX- /Od /Oy- /D WIN32 /D _DEBUG /D _CONSOLE /D _UNICODE /D UNICODE /Gm /EHsc /RTC1 /MDd /GS /fp:precise /Zc:wchar_t /Zc:forScope /Yu"StdAfx.h" /Fp"Debug\数据结构-哈夫曼树.pch" /Fo"Debug\\" /Fd"Debug\vc100.pdb" /Gd /TP /analyze- /errorReport:prompt "..\..\..\..\..\Temp\Rar$DI00.313\图（邻接矩阵表示）.cpp" "数据结构-哈夫曼树.cpp"
         数据结构-哈夫曼树.cpp
         图（邻接矩阵表示）.cpp
         正在生成代码...
       ManifestResourceCompile:
         C:\Program Files\Microsoft SDKs\Windows\v7.0A\bin\rc.exe /nologo /fo"Debug\数据结构-哈夫曼树.exe.embed.manifest.res" "Debug\数据结构-哈夫曼树_manifest.rc" 
       Link:
         C:\Program Files\Microsoft Visual Studio 10.0\VC\bin\link.exe /ERRORREPORT:PROMPT /OUT:"c:\mydoc\visual studio 2010\Projects\数据结构-哈夫曼树\Debug\数据结构-哈夫曼树.exe" /INCREMENTAL /NOLOGO kernel32.lib user32.lib gdi32.lib winspool.lib comdlg32.lib advapi32.lib shell32.lib ole32.lib oleaut32.lib uuid.lib odbc32.lib odbccp32.lib /MANIFEST /ManifestFile:"Debug\数据结构-哈夫曼树.exe.intermediate.manifest" /MANIFESTUAC:"level='asInvoker' uiAccess='false'" /DEBUG /PDB:"c:\mydoc\visual studio 2010\Projects\数据结构-哈夫曼树\Debug\数据结构-哈夫曼树.pdb" /SUBSYSTEM:CONSOLE /TLBID:1 /DYNAMICBASE /NXCOMPAT /IMPLIB:"c:\mydoc\visual studio 2010\Projects\数据结构-哈夫曼树\Debug\数据结构-哈夫曼树.lib" /MACHINE:X86 "Debug\数据结构-哈夫曼树.exe.embed.manifest.res"
         "Debug\图（邻接矩阵表示）.obj"
         Debug\stdafx.obj
         "Debug\数据结构-哈夫曼树.obj"
     1>LINK : warning LNK4067: 不明确的入口点；选定“mainCRTStartup”
       Manifest:
         C:\Program Files\Microsoft SDKs\Windows\v7.0A\bin\mt.exe /nologo /verbose /out:"Debug\数据结构-哈夫曼树.exe.embed.manifest" /manifest "Debug\数据结构-哈夫曼树.exe.intermediate.manifest"
         C:\Program Files\Microsoft SDKs\Windows\v7.0A\bin\rc.exe /nologo /fo"Debug\数据结构-哈夫曼树.exe.embed.manifest.res" "Debug\数据结构-哈夫曼树_manifest.rc" 
       LinkEmbedManifest:
         C:\Program Files\Microsoft Visual Studio 10.0\VC\bin\link.exe /ERRORREPORT:PROMPT /OUT:"c:\mydoc\visual studio 2010\Projects\数据结构-哈夫曼树\Debug\数据结构-哈夫曼树.exe" /INCREMENTAL /NOLOGO kernel32.lib user32.lib gdi32.lib winspool.lib comdlg32.lib advapi32.lib shell32.lib ole32.lib oleaut32.lib uuid.lib odbc32.lib odbccp32.lib /MANIFEST /ManifestFile:"Debug\数据结构-哈夫曼树.exe.intermediate.manifest" /MANIFESTUAC:"level='asInvoker' uiAccess='false'" /DEBUG /PDB:"c:\mydoc\visual studio 2010\Projects\数据结构-哈夫曼树\Debug\数据结构-哈夫曼树.pdb" /SUBSYSTEM:CONSOLE /TLBID:1 /DYNAMICBASE /NXCOMPAT /IMPLIB:"c:\mydoc\visual studio 2010\Projects\数据结构-哈夫曼树\Debug\数据结构-哈夫曼树.lib" /MACHINE:X86 "Debug\数据结构-哈夫曼树.exe.embed.manifest.res"
         "Debug\图（邻接矩阵表示）.obj"
         Debug\stdafx.obj
         "Debug\数据结构-哈夫曼树.obj"
     1>LINK : warning LNK4067: 不明确的入口点；选定“mainCRTStartup”
         数据结构-哈夫曼树.vcxproj -> c:\mydoc\visual studio 2010\Projects\数据结构-哈夫曼树\Debug\数据结构-哈夫曼树.exe
       FinalizeBuildStatus:
         正在删除文件“Debug\数据结构-哈夫曼树.unsuccessfulbuild”。
         正在对“Debug\数据结构-哈夫曼树.lastbuildstate”执行 Touch 任务。
     1>已完成生成项目“c:\mydoc\visual studio 2010\Projects\数据结构-哈夫曼树\数据结构-哈夫曼树\数据结构-哈夫曼树.vcxproj”(build 个目标)的操作。

生成成功。

已用时间 00:00:02.64
