c:\users\舒琨博\documents\visual studio 2010\Projects\数据结构-链栈\Debug\数据结构-链栈.pdb
c:\Users\舒琨博\documents\visual studio 2010\Projects\数据结构-链栈\数据结构-链栈\Debug\cl.command.1.tlog
c:\Users\舒琨博\documents\visual studio 2010\Projects\数据结构-链栈\数据结构-链栈\Debug\CL.read.1.tlog
c:\Users\舒琨博\documents\visual studio 2010\Projects\数据结构-链栈\数据结构-链栈\Debug\CL.write.1.tlog
c:\Users\舒琨博\documents\visual studio 2010\Projects\数据结构-链栈\数据结构-链栈\Debug\link.command.1.tlog
c:\Users\舒琨博\documents\visual studio 2010\Projects\数据结构-链栈\数据结构-链栈\Debug\link.read.1.tlog
c:\Users\舒琨博\documents\visual studio 2010\Projects\数据结构-链栈\数据结构-链栈\Debug\link.write.1.tlog
c:\Users\舒琨博\documents\visual studio 2010\Projects\数据结构-链栈\数据结构-链栈\Debug\link-cvtres.read.1.tlog
c:\Users\舒琨博\documents\visual studio 2010\Projects\数据结构-链栈\数据结构-链栈\Debug\link-cvtres.write.1.tlog
c:\Users\舒琨博\documents\visual studio 2010\Projects\数据结构-链栈\数据结构-链栈\Debug\rc.command.1.tlog
c:\Users\舒琨博\documents\visual studio 2010\Projects\数据结构-链栈\数据结构-链栈\Debug\rc.read.1.tlog
c:\Users\舒琨博\documents\visual studio 2010\Projects\数据结构-链栈\数据结构-链栈\Debug\rc.write.1.tlog
C:\USERS\舒琨博\DOCUMENTS\VISUAL STUDIO 2010\PROJECTS\数据结构-链栈\数据结构-链栈\DEBUG\STDAFX.OBJ
c:\Users\舒琨博\documents\visual studio 2010\Projects\数据结构-链栈\数据结构-链栈\Debug\vc100.idb
C:\USERS\舒琨博\DOCUMENTS\VISUAL STUDIO 2010\PROJECTS\数据结构-链栈\数据结构-链栈\DEBUG\VC100.PDB
c:\Users\舒琨博\documents\visual studio 2010\Projects\数据结构-链栈\数据结构-链栈\Debug\数据结构-链栈.exe.embed.manifest
C:\USERS\舒琨博\DOCUMENTS\VISUAL STUDIO 2010\PROJECTS\数据结构-链栈\数据结构-链栈\DEBUG\数据结构-链栈.EXE.EMBED.MANIFEST.RES
c:\Users\舒琨博\documents\visual studio 2010\Projects\数据结构-链栈\数据结构-链栈\Debug\数据结构-链栈.exe.intermediate.manifest
C:\USERS\舒琨博\DOCUMENTS\VISUAL STUDIO 2010\PROJECTS\数据结构-链栈\数据结构-链栈\DEBUG\数据结构-链栈.OBJ
C:\USERS\舒琨博\DOCUMENTS\VISUAL STUDIO 2010\PROJECTS\数据结构-链栈\数据结构-链栈\DEBUG\数据结构-链栈.PCH
c:\Users\舒琨博\documents\visual studio 2010\Projects\数据结构-链栈\数据结构-链栈\Debug\数据结构-链栈.vcxprojResolveAssemblyReference.cache
c:\Users\舒琨博\documents\visual studio 2010\Projects\数据结构-链栈\数据结构-链栈\Debug\数据结构-链栈.write.1.tlog
c:\Users\舒琨博\documents\visual studio 2010\Projects\数据结构-链栈\数据结构-链栈\Debug\数据结构-链栈_manifest.rc
C:\USERS\舒琨博\DOCUMENTS\VISUAL STUDIO 2010\PROJECTS\数据结构-链栈\数据结构-链栈\DEBUG\栈-链栈.OBJ
